<?xml version="1.0" encoding="UTF-8"?>
<!-- Generated by org.testng.reporters.JUnitXMLReporter -->
<testsuite ignored="0" hostname="Binita-Laptop" failures="1" tests="2" name="Test" time="68.21" errors="0" timestamp="04 June 2024 03:50:16 GMT">
  <testcase classname="qa.tests.Testcase1" name="sampleMethodForEnteringCredentials" time="8.127">
    <skipped/>
  </testcase> <!-- sampleMethodForEnteringCredentials -->
  <testcase classname="qa.tests.Testcase1" name="sampleMethodForEnteringCredentials" time="6.46">
    <failure type="java.lang.AssertionError" message="Element not found expected [true] but found [false]">
      <![CDATA[java.lang.AssertionError: Element not found expected [true] but found [false]
	at pageEvents.LoginPageEvents.verifyIfLoginPageIsLoaded(LoginPageEvents.java:12)
	at qa.tests.Testcase1.sampleMethodForEnteringCredentials(Testcase1.java:17)
... Removed 28 stack frames]]>
    </failure>
  </testcase> <!-- sampleMethodForEnteringCredentials -->
</testsuite> <!-- Test -->
